<?xml version="1.0" encoding="UTF-8"?>
<testsuite xmlns:xsi="http://www.w3.org/2001/XMLSchema-instance" xsi:noNamespaceSchemaLocation="https://maven.apache.org/surefire/maven-surefire-plugin/xsd/surefire-test-report-3.0.xsd" version="3.0" name="unittest.KnapsackSolverTest" time="0.014" tests="11" errors="0" skipped="0" failures="0">
  <properties>
[...]
</properties>
  <testcase name="shouldReturnDashWhenSingleItemIsHeavierThanMaxWeight" classname="unittest.KnapsackSolverTest" time="0"/>
  <testcase name="shouldThrowMaxItemCostExceptionWhenMaxItemCostConstraintViolated" classname="unittest.KnapsackSolverTest" time="0.002"/>
  <testcase name="shouldReadConfigPropertiesCorrectly" classname="unittest.KnapsackSolverTest" time="0"/>
  <testcase name="shouldThrowMaxItemCountExceptionWhenMaxItemCountConstraintViolated" classname="unittest.KnapsackSolverTest" time="0.001"/>
  <testcase name="shouldThrowMaxItemWeightExceptionWhenMaxItemWeightConstraintViolated" classname="unittest.KnapsackSolverTest" time="0.001"/>
  <testcase name="shouldThrowMaxTotalWeightExceptionWhenMaxWeightConstraintViolated" classname="unittest.KnapsackSolverTest" time="0"/>
  <testcase name="shouldThrowExceptionWhenMinWeightItemIsHeavierThanTotalWeight" classname="unittest.KnapsackSolverTest" time="0"/>
  <testcase name="shouldReturnDashWhenThereIsOnlyOneItem" classname="unittest.KnapsackSolverTest" time="0.001"/>
  <testcase name="shouldSolveKnapsackProblemCorrectlyForGivenItems" classname="unittest.KnapsackSolverTest" time="0.002"/>
  <testcase name="shouldPreferLighterPackageWhenMultiplePackagesHaveSamePrice" classname="unittest.KnapsackSolverTest" time="0"/>
  <testcase name="shouldSolveKnapsackProblemCorrectlyForGivenItemsWhenMaximumWeightReached" classname="unittest.KnapsackSolverTest" time="0.002"/>
</testsuite>